<?xml version="1.0" encoding="UTF-8"?>
<!-- Generated by org.testng.reporters.JUnitReportReporter -->
<testsuite hostname="YUVA-PC" name="Keywords" tests="1" failures="0" timestamp="28 Jan 2020 17:34:40 GMT" time="46.454" errors="0">
  <testcase name="signIn_Method" time="46.454" classname="Keywords"/>
</testsuite> <!-- Keywords -->
